<?xml version="1.0" encoding="UTF-8"?>
<testsuite xmlns:xsi="http://www.w3.org/2001/XMLSchema-instance" xsi:noNamespaceSchemaLocation="https://maven.apache.org/surefire/maven-surefire-plugin/xsd/surefire-test-report-3.0.xsd" version="3.0" name="com.example.jasonandcathy.JasonAndCathyApplicationTests" time="1.428" tests="1" errors="0" skipped="0" failures="0">
  <properties>
[...]
</properties>
  <testcase name="contextLoads" classname="com.example.jasonandcathy.JasonAndCathyApplicationTests" time="0.417">
    <system-out><![CDATA[15:12:04.142 [main] INFO org.springframework.test.context.support.AnnotationConfigContextLoaderUtils -- Could not detect default configuration classes for test class [com.example.jasonandcathy.JasonAndCathyApplicationTests]: JasonAndCathyApplicationTests does not declare any static, non-private, non-final, nested classes annotated with @Configuration.
15:12:04.186 [main] INFO org.springframework.boot.test.context.SpringBootTestContextBootstrapper -- Found @SpringBootConfiguration com.example.jasonandcathy.JasonAndCathyApplication for test class com.example.jasonandcathy.JasonAndCathyApplicationTests

  .   ____          _            __ _ _
 /\\ / ___'_ __ _ _(_)_ __  __ _ \ \ \ \
( ( )\___ | '_ | '_| | '_ \/ _` | \ \ \ \
 \\/  ___)| |_)| | | | | || (_| |  ) ) ) )
  '  |____| .__|_| |_|_| |_\__, | / / / /
 =========|_|==============|___/=/_/_/_/
 :: Spring Boot ::                (v3.2.2)

2024-04-12T15:12:04.379+10:00  INFO 28620 --- [           main] c.e.j.JasonAndCathyApplicationTests      : Starting JasonAndCathyApplicationTests using Java 17.0.4 with PID 28620 (started by jasonyellow in /Users/jasonyellow/Desktop/jac/backend/JasonAndCathy)
2024-04-12T15:12:04.380+10:00  INFO 28620 --- [           main] c.e.j.JasonAndCathyApplicationTests      : No active profile set, falling back to 1 default profile: "default"
2024-04-12T15:12:05.069+10:00  INFO 28620 --- [           main] c.e.j.JasonAndCathyApplicationTests      : Started JasonAndCathyApplicationTests in 0.818 seconds (process running for 1.245)
]]></system-out>
  </testcase>
</testsuite>